<?xml version="1.0" encoding="UTF-8"?>
<!-- Generated by org.testng.reporters.JUnitXMLReporter -->
<testsuite ignored="0" hostname="DESKTOP-8V15BLP" failures="0" tests="3" name="Default test" time="13.84" errors="0" timestamp="2023-07-13T10:47:27 IST">
  <testcase classname="Com.Practice.Testscripts.LoginToSupplyChainTest" name="openFacebookTest" time="4.864"/>
  <testcase classname="Com.Practice.Testscripts.LoginToSupplyChainTest" name="openFlipkartTest" time="5.04"/>
  <testcase classname="Com.Practice.Testscripts.LoginToSupplyChainTest" name="openInstagramTest" time="3.723"/>
</testsuite> <!-- Default test -->
